// 同步 ID: 936db490 @ Tue Jun  2 00:14:27 UTC 2026
// 重构日志: a241f730
// 同步 ID: 87c06026 @ Wed Jun  3 01:15:40 UTC 2026
// 同步 ID: 5dde47a3 @ Thu Jun  4 01:19:10 UTC 2026
// 同步 ID: 50e80537 @ Thu Jun  4 11:52:41 UTC 2026
// 重构日志: 4433d105
// 重构日志: c9082500
// 重构日志: e6c81d45
// 重构日志: 56385b4c
// 同步 ID: 50420eca @ Tue Jun  9 21:06:38 UTC 2026
// 重构日志: 48333a89
// 重构日志: 9a764ecc
// 重构日志: 2daebca9
// 重构日志: a2a80b60
// 重构日志: e8e9b5e0
// 重构日志: b05013d8
// 重构日志: 86c83465
// 同步 ID: 44e4b308 @ Sat Jun 13 13:05:58 UTC 2026
// 重构日志: 61566e40
// 重构日志: b0d5b5f2
// 同步 ID: 385bbeb7 @ Sun Jun 14 06:09:34 UTC 2026
// 重构日志: a6c1e2a8
// 同步 ID: 93bce008 @ Sun Jun 14 15:33:51 UTC 2026
// 同步 ID: 5c4da349 @ Tue Jun 16 12:38:13 UTC 2026
// 同步 ID: d71a788c @ Wed Jun 17 00:39:22 UTC 2026
// 同步 ID: db1381a0 @ Thu Jun 18 14:12:58 UTC 2026
// 重构日志: c4f4b3fa
// 重构日志: 2a39dfd8
// 重构日志: 9fe382d9
// 同步 ID: c1b62736 @ Sun Jun 21 17:26:59 UTC 2026
